<?xml version="1.0" encoding="UTF-8"?>
<testsuite name="LeapTest" tests="4" skipped="3" failures="0" errors="0" timestamp="2019-10-16T16:13:13" hostname="DESKTOP-NNCVTHD" time="0.021">
  <properties/>
  <testcase name="yearDivisibleBy100NotDivisibleBy400" classname="LeapTest" time="0.0">
    <skipped/>
  </testcase>
  <testcase name="yearNotDivisibleBy4" classname="LeapTest" time="0.018"/>
  <testcase name="yearDivisibleBy4NotDivisibleBy100" classname="LeapTest" time="0.0">
    <skipped/>
  </testcase>
  <testcase name="yearDivisibleBy400" classname="LeapTest" time="0.0">
    <skipped/>
  </testcase>
  <system-out><![CDATA[]]></system-out>
  <system-err><![CDATA[]]></system-err>
</testsuite>
