<?xml version="1.0" encoding="UTF-8"?>
<testsuite name="DiamondPrinterTest" tests="5" skipped="0" failures="0" errors="0" timestamp="2019-11-28T14:30:27" hostname="duarte-weirdPC" time="0.031">
  <properties/>
  <testcase name="testFiveByFiveDiamond" classname="DiamondPrinterTest" time="0.028"/>
  <testcase name="testFullDiamond" classname="DiamondPrinterTest" time="0.001"/>
  <testcase name="testThreeByThreeDiamond" classname="DiamondPrinterTest" time="0.0"/>
  <testcase name="testOneByOneDiamond" classname="DiamondPrinterTest" time="0.001"/>
  <testcase name="testTwoByTwoDiamond" classname="DiamondPrinterTest" time="0.0"/>
  <system-out><![CDATA[]]></system-out>
  <system-err><![CDATA[]]></system-err>
</testsuite>
